2022-07-04 02:35:37,548:INFO:PyCaret Supervised Module
2022-07-04 02:35:37,549:INFO:ML Usecase: anomaly
2022-07-04 02:35:37,550:INFO:version 2.3.10
2022-07-04 02:35:37,550:INFO:Initializing setup()
2022-07-04 02:35:37,550:INFO:setup(target=None, ml_usecase=anomaly, available_plots={'tsne': 'Anomaly TSnE (3d)', 'umap': 'UMAP Dimensionality'}, train_size=0.7, test_data=None, preprocess=True, imputation_type=simple, iterative_imputation_iters=5, categorical_features=None, categorical_imputation=mode, categorical_iterative_imputer=lightgbm, ordinal_features=None, high_cardinality_features=None, high_cardinality_method=frequency, numeric_features=None, numeric_imputation=mean, numeric_iterative_imputer=lightgbm, date_features=None, ignore_features=None, normalize=False, normalize_method=zscore, transformation=False, transformation_method=yeo-johnson, handle_unknown_categorical=True, unknown_categorical_method=least_frequent, pca=False, pca_method=linear, pca_components=None, ignore_low_variance=False, combine_rare_levels=False, rare_level_threshold=0.1, bin_numeric_features=None, remove_outliers=False, outliers_threshold=0.05, remove_multicollinearity=False, multicollinearity_threshold=0.9, remove_perfect_collinearity=False, create_clusters=False, cluster_iter=20, polynomial_features=False, polynomial_degree=2, trigonometry_features=False, polynomial_threshold=0.1, group_features=None, group_names=None, feature_selection=False, feature_selection_threshold=0.8, feature_selection_method=classic, feature_interaction=False, feature_ratio=False, interaction_threshold=0.01, fix_imbalance=False, fix_imbalance_method=None, transform_target=False, transform_target_method=box-cox, data_split_shuffle=False, data_split_stratify=False, fold_strategy=kfold, fold=10, fold_shuffle=False, fold_groups=None, n_jobs=-1, use_gpu=False, custom_pipeline=None, html=True, session_id=None, log_experiment=False, experiment_name=None, experiment_custom_tags=None, log_plots=False, log_profile=False, log_data=False, silent=True, verbose=True, profile=False, profile_kwargs=None, display=None)
2022-07-04 02:35:37,553:INFO:Checking environment
2022-07-04 02:35:37,553:INFO:python_version: 3.8.13
2022-07-04 02:35:37,553:INFO:python_build: ('default', 'Mar 28 2022 06:59:08')
2022-07-04 02:35:37,554:INFO:machine: AMD64
2022-07-04 02:35:37,554:INFO:platform: Windows-10-10.0.22000-SP0
2022-07-04 02:35:37,554:INFO:Memory: svmem(total=12710662144, available=6235049984, percent=50.9, used=6475612160, free=6235049984)
2022-07-04 02:35:37,555:INFO:Physical Core: 2
2022-07-04 02:35:37,555:INFO:Logical Core: 4
2022-07-04 02:35:37,555:INFO:Checking libraries
2022-07-04 02:35:37,555:INFO:pd==1.4.3
2022-07-04 02:35:37,555:INFO:numpy==1.19.5
2022-07-04 02:35:37,555:INFO:sklearn==0.23.2
2022-07-04 02:35:37,556:INFO:lightgbm==3.3.2
2022-07-04 02:35:37,558:WARNING:catboost not found
2022-07-04 02:35:37,560:WARNING:xgboost not found
2022-07-04 02:35:37,560:INFO:mlflow==1.27.0
2022-07-04 02:35:37,561:INFO:Checking Exceptions
2022-07-04 02:35:37,561:INFO:Declaring global variables
2022-07-04 02:35:37,561:INFO:USI: 3843
2022-07-04 02:35:37,561:INFO:pycaret_globals: {'imputation_classifier', '_internal_pipeline', 'gpu_param', 'transform_target_param', 'fold_groups_param', 'iterative_imputation_iters_param', 'data_before_preprocess', 'pycaret_globals', 'log_plots_param', 'seed', '_all_models_internal', 'target_param', 'master_model_container', '_all_metrics', 'fix_imbalance_method_param', '_ml_usecase', 'fix_imbalance_param', 'dashboard_logger', 'fold_param', 'stratify_param', 'experiment__', 'create_model_container', 'display_container', 'imputation_regressor', 'n_jobs_param', 'fold_generator', 'USI', '_all_models', 'fold_shuffle_param', 'X', '_gpu_n_jobs_param', 'exp_name_log', 'html_param', 'logging_param', '_available_plots', 'transform_target_method_param', 'fold_groups_param_full', 'prep_pipe'}
2022-07-04 02:35:37,561:INFO:Preparing display monitor
2022-07-04 02:35:37,562:INFO:Preparing display monitor
2022-07-04 02:35:37,613:INFO:Importing libraries
2022-07-04 02:35:37,613:INFO:Copying data for preprocessing
2022-07-04 02:35:37,650:INFO:Declaring preprocessing parameters
2022-07-04 02:35:37,685:INFO:Creating preprocessing pipeline
2022-07-04 02:35:38,446:INFO:Preprocessing pipeline created successfully
2022-07-04 02:35:38,447:ERROR:(Process Exit): setup has been interupted with user command 'quit'. setup must rerun.
2022-07-04 02:35:38,447:INFO:Creating global containers
2022-07-04 02:35:38,450:INFO:Internal pipeline: Pipeline(memory=None, steps=[('empty_step', 'passthrough')], verbose=False)
2022-07-04 02:35:42,510:INFO:Creating grid variables
2022-07-04 02:35:42,557:INFO:create_model_container: 0
2022-07-04 02:35:42,557:INFO:master_model_container: 0
2022-07-04 02:35:42,557:INFO:display_container: 1
2022-07-04 02:35:42,583:INFO:Pipeline(memory=None,
         steps=[('dtypes',
                 DataTypes_Auto_infer(categorical_features=[],
                                      display_types=False, features_todrop=[],
                                      id_columns=[], ml_usecase='regression',
                                      numerical_features=[],
                                      target='UNSUPERVISED_DUMMY_TARGET',
                                      time_features=[])),
                ('imputer',
                 Simple_Imputer(categorical_strategy='most frequent',
                                fill_value_categorical=None,
                                fill_value_numerical=Non...
                ('scaling', 'passthrough'), ('P_transform', 'passthrough'),
                ('binn', 'passthrough'), ('rem_outliers', 'passthrough'),
                ('cluster_all', 'passthrough'),
                ('dummy', Dummify(target='UNSUPERVISED_DUMMY_TARGET')),
                ('fix_perfect', 'passthrough'),
                ('clean_names', Clean_Colum_Names()),
                ('feature_select', 'passthrough'), ('fix_multi', 'passthrough'),
                ('dfs', 'passthrough'), ('pca', 'passthrough')],
         verbose=False)
2022-07-04 02:35:42,583:INFO:setup() succesfully completed......................................
2022-07-04 02:36:28,153:INFO:gpu_param set to False
2022-07-04 02:37:08,116:INFO:Initializing create_model()
2022-07-04 02:37:08,117:INFO:create_model(estimator=iforest, num_clusters=4, fraction=0.0010551491277433877, ground_truth=None, round=4, fit_kwargs=None, verbose=True, system=True, add_to_model_list=True, raise_num_clusters=False, experiment_custom_tags=None, display=None, kwargs={})
2022-07-04 02:37:08,117:INFO:Checking exceptions
2022-07-04 02:37:08,118:INFO:Preparing display monitor
2022-07-04 02:37:08,166:INFO:Importing libraries
2022-07-04 02:37:08,191:INFO:Importing untrained model
2022-07-04 02:37:08,221:INFO:Isolation Forest Imported succesfully
2022-07-04 02:37:08,245:INFO:Fitting Model
2022-07-04 02:37:29,090:INFO:IForest(behaviour='new', bootstrap=False, contamination=0.0010551491277433877,
    max_features=1.0, max_samples='auto', n_estimators=100, n_jobs=-1,
    random_state=4937, verbose=0)
2022-07-04 02:37:29,090:INFO:create_models() succesfully completed......................................
2022-07-04 02:37:29,092:INFO:Uploading results into container
2022-07-04 02:37:29,092:INFO:Uploading model into container now
2022-07-04 02:37:29,094:INFO:create_model_container: 1
2022-07-04 02:37:29,096:INFO:master_model_container: 1
2022-07-04 02:37:29,098:INFO:display_container: 2
2022-07-04 02:37:29,099:INFO:IForest(behaviour='new', bootstrap=False, contamination=0.0010551491277433877,
    max_features=1.0, max_samples='auto', n_estimators=100, n_jobs=-1,
    random_state=4937, verbose=0)
2022-07-04 02:37:29,099:INFO:create_model() succesfully completed......................................
2022-07-04 02:37:37,078:INFO:Initializing assign_model()
2022-07-04 02:37:37,079:INFO:assign_model(model=IForest(behaviour='new', bootstrap=False, contamination=0.0010551491277433877,
    max_features=1.0, max_samples='auto', n_estimators=100, n_jobs=-1,
    random_state=4937, verbose=0), transformation=False, score=True, verbose=True)
2022-07-04 02:37:37,079:INFO:Checking exceptions
2022-07-04 02:37:37,080:INFO:Determining Trained Model
2022-07-04 02:37:37,080:INFO:Trained Model : Isolation Forest
2022-07-04 02:37:37,080:INFO:Copying data
2022-07-04 02:37:37,097:INFO:(113842, 32)
2022-07-04 02:37:37,097:INFO:assign_model() succesfully completed......................................
2022-07-04 02:38:30,918:INFO:Initializing plot_model()
2022-07-04 02:38:30,918:INFO:plot_model(fold=None, use_train_data=False, verbose=True, is_in_evaluate=False, display=None, display_format=None, estimator=IForest(behaviour='new', bootstrap=False, contamination=0.0010551491277433877,
    max_features=1.0, max_samples='auto', n_estimators=100, n_jobs=-1,
    random_state=4937, verbose=0), feature_name=None, fit_kwargs=None, groups=None, label=False, plot=tsne, plot_kwargs=None, save=False, scale=1, system=True)
2022-07-04 02:38:30,919:INFO:Checking exceptions
2022-07-04 02:38:31,024:INFO:Preparing display monitor
2022-07-04 02:38:31,036:INFO:Preloading libraries
2022-07-04 02:38:31,078:INFO:Copying training dataset
2022-07-04 02:38:31,086:INFO:Plot type: tsne
2022-07-04 02:38:31,666:INFO:SubProcess assign_model() called ==================================
2022-07-04 02:38:31,666:INFO:Initializing assign_model()
2022-07-04 02:38:31,666:INFO:assign_model(model=IForest(behaviour='new', bootstrap=False, contamination=0.0010551491277433877,
    max_features=1.0, max_samples='auto', n_estimators=100, n_jobs=-1,
    random_state=4937, verbose=0), transformation=True, score=False, verbose=False)
2022-07-04 02:38:31,666:INFO:Checking exceptions
2022-07-04 02:38:31,667:INFO:Determining Trained Model
2022-07-04 02:38:31,667:INFO:Trained Model : Isolation Forest
2022-07-04 02:38:31,667:INFO:Copying data
2022-07-04 02:38:31,673:INFO:Transformation param set to True. Assigned clusters are attached on transformed dataset.
2022-07-04 02:38:31,674:INFO:(113842, 31)
2022-07-04 02:38:31,674:INFO:assign_model() succesfully completed......................................
2022-07-04 02:38:31,682:INFO:SubProcess assign_model() end ==================================
2022-07-04 02:38:31,702:INFO:Getting dummies to cast categorical variables
2022-07-04 02:38:31,702:INFO:Fitting TSNE()
2022-07-04 02:56:06,182:INFO:PyCaret Supervised Module
2022-07-04 02:56:06,183:INFO:ML Usecase: anomaly
2022-07-04 02:56:06,183:INFO:version 2.3.10
2022-07-04 02:56:06,183:INFO:Initializing setup()
2022-07-04 02:56:06,184:INFO:setup(target=None, ml_usecase=anomaly, available_plots={'tsne': 'Anomaly TSnE (3d)', 'umap': 'UMAP Dimensionality'}, train_size=0.7, test_data=None, preprocess=True, imputation_type=simple, iterative_imputation_iters=5, categorical_features=None, categorical_imputation=mode, categorical_iterative_imputer=lightgbm, ordinal_features=None, high_cardinality_features=None, high_cardinality_method=frequency, numeric_features=None, numeric_imputation=mean, numeric_iterative_imputer=lightgbm, date_features=None, ignore_features=None, normalize=False, normalize_method=zscore, transformation=False, transformation_method=yeo-johnson, handle_unknown_categorical=True, unknown_categorical_method=least_frequent, pca=False, pca_method=linear, pca_components=None, ignore_low_variance=False, combine_rare_levels=False, rare_level_threshold=0.1, bin_numeric_features=None, remove_outliers=False, outliers_threshold=0.05, remove_multicollinearity=False, multicollinearity_threshold=0.9, remove_perfect_collinearity=False, create_clusters=False, cluster_iter=20, polynomial_features=False, polynomial_degree=2, trigonometry_features=False, polynomial_threshold=0.1, group_features=None, group_names=None, feature_selection=False, feature_selection_threshold=0.8, feature_selection_method=classic, feature_interaction=False, feature_ratio=False, interaction_threshold=0.01, fix_imbalance=False, fix_imbalance_method=None, transform_target=False, transform_target_method=box-cox, data_split_shuffle=False, data_split_stratify=False, fold_strategy=kfold, fold=10, fold_shuffle=False, fold_groups=None, n_jobs=-1, use_gpu=False, custom_pipeline=None, html=True, session_id=None, log_experiment=False, experiment_name=None, experiment_custom_tags=None, log_plots=False, log_profile=False, log_data=False, silent=True, verbose=True, profile=False, profile_kwargs=None, display=None)
2022-07-04 02:56:06,184:INFO:Checking environment
2022-07-04 02:56:06,184:INFO:python_version: 3.8.13
2022-07-04 02:56:06,184:INFO:python_build: ('default', 'Mar 28 2022 06:59:08')
2022-07-04 02:56:06,185:INFO:machine: AMD64
2022-07-04 02:56:06,185:INFO:platform: Windows-10-10.0.22000-SP0
2022-07-04 02:56:06,186:INFO:Memory: svmem(total=12710662144, available=4719038464, percent=62.9, used=7991623680, free=4719038464)
2022-07-04 02:56:06,186:INFO:Physical Core: 2
2022-07-04 02:56:06,186:INFO:Logical Core: 4
2022-07-04 02:56:06,187:INFO:Checking libraries
2022-07-04 02:56:06,187:INFO:pd==1.4.3
2022-07-04 02:56:06,187:INFO:numpy==1.19.5
2022-07-04 02:56:06,188:INFO:sklearn==0.23.2
2022-07-04 02:56:06,189:INFO:lightgbm==3.3.2
2022-07-04 02:56:06,192:WARNING:catboost not found
2022-07-04 02:56:06,197:WARNING:xgboost not found
2022-07-04 02:56:06,198:INFO:mlflow==1.27.0
2022-07-04 02:56:06,198:INFO:Checking Exceptions
2022-07-04 02:56:06,199:INFO:Declaring global variables
2022-07-04 02:56:06,199:INFO:USI: c779
2022-07-04 02:56:06,200:INFO:pycaret_globals: {'_all_metrics', 'fold_generator', 'fix_imbalance_method_param', 'transform_target_param', '_all_models_internal', 'pycaret_globals', 'master_model_container', 'USI', 'imputation_classifier', 'stratify_param', '_all_models', 'data_before_preprocess', 'iterative_imputation_iters_param', 'fix_imbalance_param', 'transform_target_method_param', '_available_plots', 'fold_groups_param', 'seed', 'X', 'target_param', 'fold_groups_param_full', 'create_model_container', 'gpu_param', '_ml_usecase', 'dashboard_logger', 'logging_param', 'prep_pipe', 'html_param', 'n_jobs_param', 'exp_name_log', '_gpu_n_jobs_param', 'fold_param', 'experiment__', 'fold_shuffle_param', '_internal_pipeline', 'imputation_regressor', 'log_plots_param', 'display_container'}
2022-07-04 02:56:06,200:INFO:Preparing display monitor
2022-07-04 02:56:06,200:INFO:Preparing display monitor
2022-07-04 02:56:06,270:INFO:Importing libraries
2022-07-04 02:56:06,272:INFO:Copying data for preprocessing
2022-07-04 02:56:06,317:INFO:Declaring preprocessing parameters
2022-07-04 02:56:06,392:INFO:Creating preprocessing pipeline
2022-07-04 02:56:08,045:INFO:Preprocessing pipeline created successfully
2022-07-04 02:56:08,047:ERROR:(Process Exit): setup has been interupted with user command 'quit'. setup must rerun.
2022-07-04 02:56:08,047:INFO:Creating global containers
2022-07-04 02:56:08,051:INFO:Internal pipeline: Pipeline(memory=None, steps=[('empty_step', 'passthrough')], verbose=False)
2022-07-04 02:56:16,275:INFO:Creating grid variables
2022-07-04 02:56:16,361:INFO:create_model_container: 0
2022-07-04 02:56:16,362:INFO:master_model_container: 0
2022-07-04 02:56:16,362:INFO:display_container: 1
2022-07-04 02:56:16,391:INFO:Pipeline(memory=None,
         steps=[('dtypes',
                 DataTypes_Auto_infer(categorical_features=[],
                                      display_types=False, features_todrop=[],
                                      id_columns=[], ml_usecase='regression',
                                      numerical_features=[],
                                      target='UNSUPERVISED_DUMMY_TARGET',
                                      time_features=[])),
                ('imputer',
                 Simple_Imputer(categorical_strategy='most frequent',
                                fill_value_categorical=None,
                                fill_value_numerical=Non...
                ('scaling', 'passthrough'), ('P_transform', 'passthrough'),
                ('binn', 'passthrough'), ('rem_outliers', 'passthrough'),
                ('cluster_all', 'passthrough'),
                ('dummy', Dummify(target='UNSUPERVISED_DUMMY_TARGET')),
                ('fix_perfect', 'passthrough'),
                ('clean_names', Clean_Colum_Names()),
                ('feature_select', 'passthrough'), ('fix_multi', 'passthrough'),
                ('dfs', 'passthrough'), ('pca', 'passthrough')],
         verbose=False)
2022-07-04 02:56:16,392:INFO:setup() succesfully completed......................................
2022-07-04 02:56:24,181:INFO:gpu_param set to False
2022-07-04 02:56:26,029:INFO:Initializing create_model()
2022-07-04 02:56:26,030:INFO:create_model(estimator=lof, num_clusters=4, fraction=0.0010551491277433877, ground_truth=None, round=4, fit_kwargs=None, verbose=True, system=True, add_to_model_list=True, raise_num_clusters=False, experiment_custom_tags=None, display=None, kwargs={})
2022-07-04 02:56:26,030:INFO:Checking exceptions
2022-07-04 02:56:26,031:INFO:Preparing display monitor
2022-07-04 02:56:26,077:INFO:Importing libraries
2022-07-04 02:56:26,127:INFO:Importing untrained model
2022-07-04 02:56:26,187:INFO:Local Outlier Factor Imported succesfully
2022-07-04 02:56:26,244:INFO:Fitting Model
2022-07-04 03:06:34,374:INFO:PyCaret Supervised Module
2022-07-04 03:06:34,375:INFO:ML Usecase: anomaly
2022-07-04 03:06:34,375:INFO:version 2.3.10
2022-07-04 03:06:34,376:INFO:Initializing setup()
2022-07-04 03:06:34,376:INFO:setup(target=None, ml_usecase=anomaly, available_plots={'tsne': 'Anomaly TSnE (3d)', 'umap': 'UMAP Dimensionality'}, train_size=0.7, test_data=None, preprocess=True, imputation_type=simple, iterative_imputation_iters=5, categorical_features=None, categorical_imputation=mode, categorical_iterative_imputer=lightgbm, ordinal_features=None, high_cardinality_features=None, high_cardinality_method=frequency, numeric_features=None, numeric_imputation=mean, numeric_iterative_imputer=lightgbm, date_features=None, ignore_features=None, normalize=False, normalize_method=zscore, transformation=False, transformation_method=yeo-johnson, handle_unknown_categorical=True, unknown_categorical_method=least_frequent, pca=False, pca_method=linear, pca_components=None, ignore_low_variance=False, combine_rare_levels=False, rare_level_threshold=0.1, bin_numeric_features=None, remove_outliers=False, outliers_threshold=0.05, remove_multicollinearity=False, multicollinearity_threshold=0.9, remove_perfect_collinearity=False, create_clusters=False, cluster_iter=20, polynomial_features=False, polynomial_degree=2, trigonometry_features=False, polynomial_threshold=0.1, group_features=None, group_names=None, feature_selection=False, feature_selection_threshold=0.8, feature_selection_method=classic, feature_interaction=False, feature_ratio=False, interaction_threshold=0.01, fix_imbalance=False, fix_imbalance_method=None, transform_target=False, transform_target_method=box-cox, data_split_shuffle=False, data_split_stratify=False, fold_strategy=kfold, fold=10, fold_shuffle=False, fold_groups=None, n_jobs=-1, use_gpu=False, custom_pipeline=None, html=True, session_id=None, log_experiment=False, experiment_name=None, experiment_custom_tags=None, log_plots=False, log_profile=False, log_data=False, silent=False, verbose=True, profile=False, profile_kwargs=None, display=None)
2022-07-04 03:06:34,376:INFO:Checking environment
2022-07-04 03:06:34,376:INFO:python_version: 3.8.13
2022-07-04 03:06:34,376:INFO:python_build: ('default', 'Mar 28 2022 06:59:08')
2022-07-04 03:06:34,377:INFO:machine: AMD64
2022-07-04 03:06:34,377:INFO:platform: Windows-10-10.0.22000-SP0
2022-07-04 03:06:34,377:INFO:Memory: svmem(total=12710662144, available=4848492544, percent=61.9, used=7862169600, free=4848492544)
2022-07-04 03:06:34,377:INFO:Physical Core: 2
2022-07-04 03:06:34,378:INFO:Logical Core: 4
2022-07-04 03:06:34,378:INFO:Checking libraries
2022-07-04 03:06:34,378:INFO:pd==1.4.3
2022-07-04 03:06:34,378:INFO:numpy==1.19.5
2022-07-04 03:06:34,378:INFO:sklearn==0.23.2
2022-07-04 03:06:34,379:INFO:lightgbm==3.3.2
2022-07-04 03:06:34,382:WARNING:catboost not found
2022-07-04 03:06:34,385:WARNING:xgboost not found
2022-07-04 03:06:34,385:INFO:mlflow==1.27.0
2022-07-04 03:06:34,386:INFO:Checking Exceptions
2022-07-04 03:06:34,386:INFO:Declaring global variables
2022-07-04 03:06:34,386:INFO:USI: fee5
2022-07-04 03:06:34,386:INFO:pycaret_globals: {'transform_target_method_param', 'stratify_param', 'dashboard_logger', 'prep_pipe', 'fix_imbalance_method_param', 'fold_param', 'USI', '_available_plots', 'fold_groups_param_full', 'experiment__', 'fold_groups_param', 'fold_generator', 'target_param', 'pycaret_globals', 'fix_imbalance_param', '_gpu_n_jobs_param', 'imputation_regressor', '_internal_pipeline', 'n_jobs_param', 'master_model_container', 'logging_param', '_all_models', 'iterative_imputation_iters_param', 'data_before_preprocess', 'create_model_container', '_all_metrics', 'gpu_param', 'imputation_classifier', 'transform_target_param', 'fold_shuffle_param', 'X', '_ml_usecase', '_all_models_internal', 'log_plots_param', 'html_param', 'seed', 'exp_name_log', 'display_container'}
2022-07-04 03:06:34,387:INFO:Preparing display monitor
2022-07-04 03:06:34,387:INFO:Preparing display monitor
2022-07-04 03:06:34,455:INFO:Importing libraries
2022-07-04 03:06:34,457:INFO:Copying data for preprocessing
2022-07-04 03:06:34,489:INFO:Declaring preprocessing parameters
2022-07-04 03:06:34,522:INFO:Creating preprocessing pipeline
2022-07-04 03:06:36,267:INFO:Preprocessing pipeline created successfully
2022-07-04 03:06:36,268:ERROR:(Process Exit): setup has been interupted with user command 'quit'. setup must rerun.
2022-07-04 03:06:36,268:INFO:Creating global containers
2022-07-04 03:06:36,272:INFO:Internal pipeline: Pipeline(memory=None, steps=[('empty_step', 'passthrough')], verbose=False)
2022-07-04 03:07:06,726:INFO:Creating grid variables
2022-07-04 03:07:06,754:INFO:create_model_container: 0
2022-07-04 03:07:06,754:INFO:master_model_container: 0
2022-07-04 03:07:06,754:INFO:display_container: 1
2022-07-04 03:07:06,767:INFO:Pipeline(memory=None,
         steps=[('dtypes',
                 DataTypes_Auto_infer(categorical_features=[],
                                      display_types=True, features_todrop=[],
                                      id_columns=[], ml_usecase='regression',
                                      numerical_features=[],
                                      target='UNSUPERVISED_DUMMY_TARGET',
                                      time_features=[])),
                ('imputer',
                 Simple_Imputer(categorical_strategy='most frequent',
                                fill_value_categorical=None,
                                fill_value_numerical=None...
                ('scaling', 'passthrough'), ('P_transform', 'passthrough'),
                ('binn', 'passthrough'), ('rem_outliers', 'passthrough'),
                ('cluster_all', 'passthrough'),
                ('dummy', Dummify(target='UNSUPERVISED_DUMMY_TARGET')),
                ('fix_perfect', 'passthrough'),
                ('clean_names', Clean_Colum_Names()),
                ('feature_select', 'passthrough'), ('fix_multi', 'passthrough'),
                ('dfs', 'passthrough'), ('pca', 'passthrough')],
         verbose=False)
2022-07-04 03:07:06,767:INFO:setup() succesfully completed......................................
2022-07-04 03:07:34,797:INFO:Initializing create_model()
2022-07-04 03:07:34,797:INFO:create_model(estimator=iforest, num_clusters=4, fraction=0.05, ground_truth=None, round=4, fit_kwargs=None, verbose=True, system=True, add_to_model_list=True, raise_num_clusters=False, experiment_custom_tags=None, display=None, kwargs={})
2022-07-04 03:07:34,798:INFO:Checking exceptions
2022-07-04 03:07:34,798:INFO:Preparing display monitor
2022-07-04 03:07:34,839:INFO:Importing libraries
2022-07-04 03:07:34,903:INFO:Importing untrained model
2022-07-04 03:07:34,930:INFO:Isolation Forest Imported succesfully
2022-07-04 03:07:34,993:INFO:Fitting Model
2022-07-04 03:08:17,477:INFO:Initializing create_model()
2022-07-04 03:08:17,477:INFO:create_model(estimator=iforest, num_clusters=4, fraction=0.05, ground_truth=None, round=4, fit_kwargs=None, verbose=True, system=True, add_to_model_list=True, raise_num_clusters=False, experiment_custom_tags=None, display=None, kwargs={'comtamination': 0.0010551491277433877})
2022-07-04 03:08:17,477:INFO:Checking exceptions
2022-07-04 03:08:17,477:INFO:Preparing display monitor
2022-07-04 03:08:17,497:INFO:Importing libraries
2022-07-04 03:08:17,520:INFO:Importing untrained model
2022-07-04 03:11:51,578:INFO:PyCaret Supervised Module
2022-07-04 03:11:51,579:INFO:ML Usecase: anomaly
2022-07-04 03:11:51,579:INFO:version 2.3.10
2022-07-04 03:11:51,579:INFO:Initializing setup()
2022-07-04 03:11:51,580:INFO:setup(target=None, ml_usecase=anomaly, available_plots={'tsne': 'Anomaly TSnE (3d)', 'umap': 'UMAP Dimensionality'}, train_size=0.7, test_data=None, preprocess=True, imputation_type=simple, iterative_imputation_iters=5, categorical_features=None, categorical_imputation=mode, categorical_iterative_imputer=lightgbm, ordinal_features=None, high_cardinality_features=None, high_cardinality_method=frequency, numeric_features=None, numeric_imputation=mean, numeric_iterative_imputer=lightgbm, date_features=None, ignore_features=None, normalize=False, normalize_method=zscore, transformation=False, transformation_method=yeo-johnson, handle_unknown_categorical=True, unknown_categorical_method=least_frequent, pca=False, pca_method=linear, pca_components=None, ignore_low_variance=False, combine_rare_levels=False, rare_level_threshold=0.1, bin_numeric_features=None, remove_outliers=False, outliers_threshold=0.05, remove_multicollinearity=False, multicollinearity_threshold=0.9, remove_perfect_collinearity=False, create_clusters=False, cluster_iter=20, polynomial_features=False, polynomial_degree=2, trigonometry_features=False, polynomial_threshold=0.1, group_features=None, group_names=None, feature_selection=False, feature_selection_threshold=0.8, feature_selection_method=classic, feature_interaction=False, feature_ratio=False, interaction_threshold=0.01, fix_imbalance=False, fix_imbalance_method=None, transform_target=False, transform_target_method=box-cox, data_split_shuffle=False, data_split_stratify=False, fold_strategy=kfold, fold=10, fold_shuffle=False, fold_groups=None, n_jobs=-1, use_gpu=False, custom_pipeline=None, html=True, session_id=None, log_experiment=False, experiment_name=None, experiment_custom_tags=None, log_plots=False, log_profile=False, log_data=False, silent=False, verbose=True, profile=False, profile_kwargs=None, display=None)
2022-07-04 03:11:51,580:INFO:Checking environment
2022-07-04 03:11:51,580:INFO:python_version: 3.8.13
2022-07-04 03:11:51,580:INFO:python_build: ('default', 'Mar 28 2022 06:59:08')
2022-07-04 03:11:51,580:INFO:machine: AMD64
2022-07-04 03:11:51,580:INFO:platform: Windows-10-10.0.22000-SP0
2022-07-04 03:11:51,581:INFO:Memory: svmem(total=12710662144, available=4740083712, percent=62.7, used=7970578432, free=4740083712)
2022-07-04 03:11:51,581:INFO:Physical Core: 2
2022-07-04 03:11:51,581:INFO:Logical Core: 4
2022-07-04 03:11:51,581:INFO:Checking libraries
2022-07-04 03:11:51,581:INFO:pd==1.4.3
2022-07-04 03:11:51,582:INFO:numpy==1.19.5
2022-07-04 03:11:51,582:INFO:sklearn==0.23.2
2022-07-04 03:11:51,582:INFO:lightgbm==3.3.2
2022-07-04 03:11:51,585:WARNING:catboost not found
2022-07-04 03:11:51,588:WARNING:xgboost not found
2022-07-04 03:11:51,589:INFO:mlflow==1.27.0
2022-07-04 03:11:51,589:INFO:Checking Exceptions
2022-07-04 03:11:51,589:INFO:Declaring global variables
2022-07-04 03:11:51,590:INFO:USI: ed19
2022-07-04 03:11:51,590:INFO:pycaret_globals: {'transform_target_method_param', 'stratify_param', 'dashboard_logger', 'prep_pipe', 'fix_imbalance_method_param', 'fold_param', 'USI', '_available_plots', 'fold_groups_param_full', 'experiment__', 'fold_groups_param', 'fold_generator', 'target_param', 'pycaret_globals', 'fix_imbalance_param', '_gpu_n_jobs_param', 'imputation_regressor', '_internal_pipeline', 'n_jobs_param', 'master_model_container', 'logging_param', '_all_models', 'iterative_imputation_iters_param', 'data_before_preprocess', 'create_model_container', '_all_metrics', 'gpu_param', 'imputation_classifier', 'transform_target_param', 'fold_shuffle_param', 'X', '_ml_usecase', '_all_models_internal', 'log_plots_param', 'html_param', 'seed', 'exp_name_log', 'display_container'}
2022-07-04 03:11:51,590:INFO:Preparing display monitor
2022-07-04 03:11:51,590:INFO:Preparing display monitor
2022-07-04 03:11:51,619:INFO:Importing libraries
2022-07-04 03:11:51,619:INFO:Copying data for preprocessing
2022-07-04 03:11:51,667:INFO:Declaring preprocessing parameters
2022-07-04 03:11:51,700:INFO:Creating preprocessing pipeline
2022-07-04 03:11:52,884:INFO:Preprocessing pipeline created successfully
2022-07-04 03:11:52,885:ERROR:(Process Exit): setup has been interupted with user command 'quit'. setup must rerun.
2022-07-04 03:11:52,886:INFO:Creating global containers
2022-07-04 03:11:52,886:INFO:Internal pipeline: Pipeline(memory=None, steps=[('empty_step', 'passthrough')], verbose=False)
2022-07-04 03:12:42,601:INFO:Creating grid variables
2022-07-04 03:12:42,665:INFO:create_model_container: 0
2022-07-04 03:12:42,666:INFO:master_model_container: 0
2022-07-04 03:12:42,666:INFO:display_container: 1
2022-07-04 03:12:42,685:INFO:Pipeline(memory=None,
         steps=[('dtypes',
                 DataTypes_Auto_infer(categorical_features=[],
                                      display_types=True, features_todrop=[],
                                      id_columns=[], ml_usecase='regression',
                                      numerical_features=[],
                                      target='UNSUPERVISED_DUMMY_TARGET',
                                      time_features=[])),
                ('imputer',
                 Simple_Imputer(categorical_strategy='most frequent',
                                fill_value_categorical=None,
                                fill_value_numerical=None...
                ('scaling', 'passthrough'), ('P_transform', 'passthrough'),
                ('binn', 'passthrough'), ('rem_outliers', 'passthrough'),
                ('cluster_all', 'passthrough'),
                ('dummy', Dummify(target='UNSUPERVISED_DUMMY_TARGET')),
                ('fix_perfect', 'passthrough'),
                ('clean_names', Clean_Colum_Names()),
                ('feature_select', 'passthrough'), ('fix_multi', 'passthrough'),
                ('dfs', 'passthrough'), ('pca', 'passthrough')],
         verbose=False)
2022-07-04 03:12:42,686:INFO:setup() succesfully completed......................................
2022-07-04 03:12:47,581:INFO:Initializing create_model()
2022-07-04 03:12:47,582:INFO:create_model(estimator=iforest, num_clusters=4, fraction=0.05, ground_truth=None, round=4, fit_kwargs=None, verbose=True, system=True, add_to_model_list=True, raise_num_clusters=False, experiment_custom_tags=None, display=None, kwargs={})
2022-07-04 03:12:47,582:INFO:Checking exceptions
2022-07-04 03:12:47,582:INFO:Preparing display monitor
2022-07-04 03:12:47,606:INFO:Importing libraries
2022-07-04 03:12:47,627:INFO:Importing untrained model
2022-07-04 03:12:47,649:INFO:Isolation Forest Imported succesfully
2022-07-04 03:12:47,672:INFO:Fitting Model
2022-07-04 03:13:10,689:INFO:IForest(behaviour='new', bootstrap=False, contamination=0.05,
    max_features=1.0, max_samples='auto', n_estimators=100, n_jobs=-1,
    random_state=8168, verbose=0)
2022-07-04 03:13:10,689:INFO:create_models() succesfully completed......................................
2022-07-04 03:13:10,691:INFO:Uploading results into container
2022-07-04 03:13:10,692:INFO:Uploading model into container now
2022-07-04 03:13:10,695:INFO:create_model_container: 1
2022-07-04 03:13:10,696:INFO:master_model_container: 1
2022-07-04 03:13:10,696:INFO:display_container: 2
2022-07-04 03:13:10,698:INFO:IForest(behaviour='new', bootstrap=False, contamination=0.05,
    max_features=1.0, max_samples='auto', n_estimators=100, n_jobs=-1,
    random_state=8168, verbose=0)
2022-07-04 03:13:10,698:INFO:create_model() succesfully completed......................................
2022-07-04 03:15:32,631:INFO:Initializing create_model()
2022-07-04 03:15:32,632:INFO:create_model(estimator=iforest, num_clusters=4, fraction=0.0010551491277433877, ground_truth=None, round=4, fit_kwargs=None, verbose=True, system=True, add_to_model_list=True, raise_num_clusters=False, experiment_custom_tags=None, display=None, kwargs={})
2022-07-04 03:15:32,632:INFO:Checking exceptions
2022-07-04 03:15:32,632:INFO:Preparing display monitor
2022-07-04 03:15:32,665:INFO:Importing libraries
2022-07-04 03:15:32,690:INFO:Importing untrained model
2022-07-04 03:15:32,748:INFO:Isolation Forest Imported succesfully
2022-07-04 03:15:32,773:INFO:Fitting Model
2022-07-04 03:15:51,496:INFO:IForest(behaviour='new', bootstrap=False, contamination=0.0010551491277433877,
    max_features=1.0, max_samples='auto', n_estimators=100, n_jobs=-1,
    random_state=8168, verbose=0)
2022-07-04 03:15:51,496:INFO:create_models() succesfully completed......................................
2022-07-04 03:15:51,497:INFO:Uploading results into container
2022-07-04 03:15:51,498:INFO:Uploading model into container now
2022-07-04 03:15:51,500:INFO:create_model_container: 2
2022-07-04 03:15:51,500:INFO:master_model_container: 2
2022-07-04 03:15:51,501:INFO:display_container: 3
2022-07-04 03:15:51,501:INFO:IForest(behaviour='new', bootstrap=False, contamination=0.0010551491277433877,
    max_features=1.0, max_samples='auto', n_estimators=100, n_jobs=-1,
    random_state=8168, verbose=0)
2022-07-04 03:15:51,502:INFO:create_model() succesfully completed......................................
2022-07-04 03:16:10,303:INFO:gpu_param set to False
2022-07-04 03:16:22,249:INFO:Initializing plot_model()
2022-07-04 03:16:22,250:INFO:plot_model(fold=None, use_train_data=False, verbose=True, is_in_evaluate=False, display=None, display_format=None, estimator=IForest(behaviour='new', bootstrap=False, contamination=0.0010551491277433877,
    max_features=1.0, max_samples='auto', n_estimators=100, n_jobs=-1,
    random_state=8168, verbose=0), feature_name=None, fit_kwargs=None, groups=None, label=False, plot=tsne, plot_kwargs=None, save=False, scale=1, system=True)
2022-07-04 03:16:22,250:INFO:Checking exceptions
2022-07-04 03:16:22,410:INFO:Preparing display monitor
2022-07-04 03:16:22,432:INFO:Preloading libraries
2022-07-04 03:16:22,494:INFO:Copying training dataset
2022-07-04 03:16:22,504:INFO:Plot type: tsne
2022-07-04 03:16:24,133:INFO:SubProcess assign_model() called ==================================
2022-07-04 03:16:24,135:INFO:Initializing assign_model()
2022-07-04 03:16:24,137:INFO:assign_model(model=IForest(behaviour='new', bootstrap=False, contamination=0.0010551491277433877,
    max_features=1.0, max_samples='auto', n_estimators=100, n_jobs=-1,
    random_state=8168, verbose=0), transformation=True, score=False, verbose=False)
2022-07-04 03:16:24,137:INFO:Checking exceptions
2022-07-04 03:16:24,137:INFO:Determining Trained Model
2022-07-04 03:16:24,138:INFO:Trained Model : Isolation Forest
2022-07-04 03:16:24,138:INFO:Copying data
2022-07-04 03:16:24,146:INFO:Transformation param set to True. Assigned clusters are attached on transformed dataset.
2022-07-04 03:16:24,148:INFO:(113842, 31)
2022-07-04 03:16:24,149:INFO:assign_model() succesfully completed......................................
2022-07-04 03:16:24,159:INFO:SubProcess assign_model() end ==================================
2022-07-04 03:16:24,214:INFO:Getting dummies to cast categorical variables
2022-07-04 03:16:24,215:INFO:Fitting TSNE()
2022-07-04 03:28:47,466:INFO:PyCaret Supervised Module
2022-07-04 03:28:47,467:INFO:ML Usecase: anomaly
2022-07-04 03:28:47,467:INFO:version 2.3.10
2022-07-04 03:28:47,467:INFO:Initializing setup()
2022-07-04 03:28:47,467:INFO:setup(target=None, ml_usecase=anomaly, available_plots={'tsne': 'Anomaly TSnE (3d)', 'umap': 'UMAP Dimensionality'}, train_size=0.7, test_data=None, preprocess=True, imputation_type=simple, iterative_imputation_iters=5, categorical_features=None, categorical_imputation=mode, categorical_iterative_imputer=lightgbm, ordinal_features=None, high_cardinality_features=None, high_cardinality_method=frequency, numeric_features=None, numeric_imputation=mean, numeric_iterative_imputer=lightgbm, date_features=None, ignore_features=None, normalize=True, normalize_method=zscore, transformation=False, transformation_method=yeo-johnson, handle_unknown_categorical=True, unknown_categorical_method=least_frequent, pca=False, pca_method=linear, pca_components=None, ignore_low_variance=False, combine_rare_levels=False, rare_level_threshold=0.1, bin_numeric_features=None, remove_outliers=False, outliers_threshold=0.05, remove_multicollinearity=True, multicollinearity_threshold=0.9, remove_perfect_collinearity=False, create_clusters=False, cluster_iter=20, polynomial_features=False, polynomial_degree=2, trigonometry_features=False, polynomial_threshold=0.1, group_features=None, group_names=None, feature_selection=False, feature_selection_threshold=0.8, feature_selection_method=classic, feature_interaction=False, feature_ratio=False, interaction_threshold=0.01, fix_imbalance=False, fix_imbalance_method=None, transform_target=False, transform_target_method=box-cox, data_split_shuffle=False, data_split_stratify=False, fold_strategy=kfold, fold=10, fold_shuffle=False, fold_groups=None, n_jobs=-1, use_gpu=False, custom_pipeline=None, html=True, session_id=None, log_experiment=False, experiment_name=None, experiment_custom_tags=None, log_plots=False, log_profile=False, log_data=False, silent=True, verbose=True, profile=False, profile_kwargs=None, display=None)
2022-07-04 03:28:47,467:INFO:Checking environment
2022-07-04 03:28:47,467:INFO:python_version: 3.8.13
2022-07-04 03:28:47,468:INFO:python_build: ('default', 'Mar 28 2022 06:59:08')
2022-07-04 03:28:47,468:INFO:machine: AMD64
2022-07-04 03:28:47,468:INFO:platform: Windows-10-10.0.22000-SP0
2022-07-04 03:28:47,468:INFO:Memory: svmem(total=12710662144, available=4976226304, percent=60.8, used=7734435840, free=4976226304)
2022-07-04 03:28:47,468:INFO:Physical Core: 2
2022-07-04 03:28:47,468:INFO:Logical Core: 4
2022-07-04 03:28:47,468:INFO:Checking libraries
2022-07-04 03:28:47,468:INFO:pd==1.4.3
2022-07-04 03:28:47,468:INFO:numpy==1.19.5
2022-07-04 03:28:47,468:INFO:sklearn==0.23.2
2022-07-04 03:28:47,468:INFO:lightgbm==3.3.2
2022-07-04 03:28:47,470:WARNING:catboost not found
2022-07-04 03:28:47,473:WARNING:xgboost not found
2022-07-04 03:28:47,473:INFO:mlflow==1.27.0
2022-07-04 03:28:47,473:INFO:Checking Exceptions
2022-07-04 03:28:47,473:INFO:Declaring global variables
2022-07-04 03:28:47,473:INFO:USI: e7aa
2022-07-04 03:28:47,473:INFO:pycaret_globals: {'_ml_usecase', 'html_param', 'seed', 'experiment__', 'fold_shuffle_param', 'transform_target_param', '_internal_pipeline', 'fix_imbalance_param', 'stratify_param', 'pycaret_globals', 'exp_name_log', '_gpu_n_jobs_param', '_all_models', 'create_model_container', 'prep_pipe', 'gpu_param', 'imputation_regressor', 'dashboard_logger', 'master_model_container', '_available_plots', 'fold_groups_param', '_all_models_internal', 'iterative_imputation_iters_param', 'fold_groups_param_full', 'target_param', 'imputation_classifier', 'n_jobs_param', 'fix_imbalance_method_param', 'data_before_preprocess', 'fold_param', '_all_metrics', 'logging_param', 'transform_target_method_param', 'X', 'fold_generator', 'display_container', 'USI', 'log_plots_param'}
2022-07-04 03:28:47,473:INFO:Preparing display monitor
2022-07-04 03:28:47,474:INFO:Preparing display monitor
2022-07-04 03:28:47,517:INFO:Importing libraries
2022-07-04 03:28:47,517:INFO:Copying data for preprocessing
2022-07-04 03:28:47,562:INFO:Declaring preprocessing parameters
2022-07-04 03:28:47,598:INFO:Creating preprocessing pipeline
2022-07-04 03:28:48,412:INFO:Preprocessing pipeline created successfully
2022-07-04 03:28:48,412:ERROR:(Process Exit): setup has been interupted with user command 'quit'. setup must rerun.
2022-07-04 03:28:48,412:INFO:Creating global containers
2022-07-04 03:28:48,416:INFO:Internal pipeline: Pipeline(memory=None, steps=[('empty_step', 'passthrough')], verbose=False)
2022-07-04 03:28:52,359:INFO:Creating grid variables
2022-07-04 03:28:52,398:INFO:create_model_container: 0
2022-07-04 03:28:52,399:INFO:master_model_container: 0
2022-07-04 03:28:52,399:INFO:display_container: 1
2022-07-04 03:28:52,413:INFO:Pipeline(memory=None,
         steps=[('dtypes',
                 DataTypes_Auto_infer(categorical_features=[],
                                      display_types=False, features_todrop=[],
                                      id_columns=[], ml_usecase='regression',
                                      numerical_features=[],
                                      target='UNSUPERVISED_DUMMY_TARGET',
                                      time_features=[])),
                ('imputer',
                 Simple_Imputer(categorical_strategy='most frequent',
                                fill_value_categorical=None,
                                fill_value_numerical=Non...
                ('dummy', Dummify(target='UNSUPERVISED_DUMMY_TARGET')),
                ('fix_perfect', 'passthrough'),
                ('clean_names', Clean_Colum_Names()),
                ('feature_select', 'passthrough'),
                ('fix_multi',
                 Fix_multicollinearity(correlation_with_target_preference=None,
                                       correlation_with_target_threshold=0.0,
                                       target_variable='UNSUPERVISED_DUMMY_TARGET',
                                       threshold=0.9)),
                ('dfs', 'passthrough'), ('pca', 'passthrough')],
         verbose=False)
2022-07-04 03:28:52,413:INFO:setup() succesfully completed......................................
2022-07-04 03:29:04,257:INFO:Initializing create_model()
2022-07-04 03:29:04,258:INFO:create_model(estimator=iforest, num_clusters=4, fraction=0.0010551491277433877, ground_truth=None, round=4, fit_kwargs=None, verbose=True, system=True, add_to_model_list=True, raise_num_clusters=False, experiment_custom_tags=None, display=None, kwargs={})
2022-07-04 03:29:04,258:INFO:Checking exceptions
2022-07-04 03:29:04,258:INFO:Preparing display monitor
2022-07-04 03:29:04,279:INFO:Importing libraries
2022-07-04 03:29:04,295:INFO:Importing untrained model
2022-07-04 03:29:04,316:INFO:Isolation Forest Imported succesfully
2022-07-04 03:29:04,343:INFO:Fitting Model
2022-07-04 03:29:45,023:INFO:IForest(behaviour='new', bootstrap=False, contamination=0.0010551491277433877,
    max_features=1.0, max_samples='auto', n_estimators=100, n_jobs=-1,
    random_state=3750, verbose=0)
2022-07-04 03:29:45,024:INFO:create_models() succesfully completed......................................
2022-07-04 03:29:45,024:INFO:Uploading results into container
2022-07-04 03:29:45,026:INFO:Uploading model into container now
2022-07-04 03:29:45,028:INFO:create_model_container: 1
2022-07-04 03:29:45,029:INFO:master_model_container: 1
2022-07-04 03:29:45,029:INFO:display_container: 2
2022-07-04 03:29:45,030:INFO:IForest(behaviour='new', bootstrap=False, contamination=0.0010551491277433877,
    max_features=1.0, max_samples='auto', n_estimators=100, n_jobs=-1,
    random_state=3750, verbose=0)
2022-07-04 03:29:45,031:INFO:create_model() succesfully completed......................................
2022-07-04 03:30:42,153:INFO:gpu_param set to False
2022-07-04 03:32:45,813:INFO:Initializing plot_model()
2022-07-04 03:32:45,813:INFO:plot_model(fold=None, use_train_data=False, verbose=True, is_in_evaluate=False, display=None, display_format=None, estimator=IForest(behaviour='new', bootstrap=False, contamination=0.0010551491277433877,
    max_features=1.0, max_samples='auto', n_estimators=100, n_jobs=-1,
    random_state=3750, verbose=0), feature_name=None, fit_kwargs=None, groups=None, label=False, plot=umap, plot_kwargs=None, save=False, scale=1, system=True)
2022-07-04 03:32:45,813:INFO:Checking exceptions
2022-07-04 03:32:45,955:INFO:Preparing display monitor
2022-07-04 03:32:45,967:INFO:Preloading libraries
2022-07-04 03:32:46,002:INFO:Copying training dataset
2022-07-04 03:32:46,007:INFO:Plot type: umap
2022-07-04 03:32:46,829:INFO:SubProcess assign_model() called ==================================
2022-07-04 03:32:46,830:INFO:Initializing assign_model()
2022-07-04 03:32:46,831:INFO:assign_model(model=IForest(behaviour='new', bootstrap=False, contamination=0.0010551491277433877,
    max_features=1.0, max_samples='auto', n_estimators=100, n_jobs=-1,
    random_state=3750, verbose=0), transformation=True, score=False, verbose=False)
2022-07-04 03:32:46,831:INFO:Checking exceptions
2022-07-04 03:32:46,831:INFO:Determining Trained Model
2022-07-04 03:32:46,832:INFO:Trained Model : Isolation Forest
2022-07-04 03:32:46,832:INFO:Copying data
2022-07-04 03:32:46,837:INFO:Transformation param set to True. Assigned clusters are attached on transformed dataset.
2022-07-04 03:32:46,838:INFO:(113842, 30)
2022-07-04 03:32:46,838:INFO:assign_model() succesfully completed......................................
2022-07-04 03:32:46,845:INFO:SubProcess assign_model() end ==================================
2022-07-04 03:33:14,564:INFO:Fitting UMAP()
2022-07-04 03:35:55,912:INFO:Rendering Visual
2022-07-04 03:35:59,034:INFO:Visual Rendered Successfully
2022-07-04 03:35:59,434:INFO:plot_model() succesfully completed......................................
2022-07-04 03:37:47,559:INFO:Initializing assign_model()
2022-07-04 03:37:47,560:INFO:assign_model(model=IForest(behaviour='new', bootstrap=False, contamination=0.0010551491277433877,
    max_features=1.0, max_samples='auto', n_estimators=100, n_jobs=-1,
    random_state=3750, verbose=0), transformation=False, score=True, verbose=True)
2022-07-04 03:37:47,560:INFO:Checking exceptions
2022-07-04 03:37:47,560:INFO:Determining Trained Model
2022-07-04 03:37:47,561:INFO:Trained Model : Isolation Forest
2022-07-04 03:37:47,562:INFO:Copying data
2022-07-04 03:37:47,576:INFO:(113842, 32)
2022-07-04 03:37:47,577:INFO:assign_model() succesfully completed......................................
2022-07-04 03:41:08,134:INFO:Initializing save_model()
2022-07-04 03:41:08,134:INFO:save_model(model=IForest(behaviour='new', bootstrap=False, contamination=0.0010551491277433877,
    max_features=1.0, max_samples='auto', n_estimators=100, n_jobs=-1,
    random_state=3750, verbose=0), model_name=iforest_model, prep_pipe_=Pipeline(memory=None,
         steps=[('dtypes',
                 DataTypes_Auto_infer(categorical_features=[],
                                      display_types=False, features_todrop=[],
                                      id_columns=[], ml_usecase='regression',
                                      numerical_features=[],
                                      target='UNSUPERVISED_DUMMY_TARGET',
                                      time_features=[])),
                ('imputer',
                 Simple_Imputer(categorical_strategy='most frequent',
                                fill_value_categorical=None,
                                fill_value_numerical=Non...
                ('dummy', Dummify(target='UNSUPERVISED_DUMMY_TARGET')),
                ('fix_perfect', 'passthrough'),
                ('clean_names', Clean_Colum_Names()),
                ('feature_select', 'passthrough'),
                ('fix_multi',
                 Fix_multicollinearity(correlation_with_target_preference=None,
                                       correlation_with_target_threshold=0.0,
                                       target_variable='UNSUPERVISED_DUMMY_TARGET',
                                       threshold=0.9)),
                ('dfs', 'passthrough'), ('pca', 'passthrough')],
         verbose=False), verbose=True, kwargs={})
2022-07-04 03:41:08,134:INFO:Adding model into prep_pipe
2022-07-04 03:41:08,238:INFO:iforest_model.pkl saved in current working directory
2022-07-04 03:41:08,249:INFO:Pipeline(memory=None,
         steps=[('dtypes',
                 DataTypes_Auto_infer(categorical_features=[],
                                      display_types=False, features_todrop=[],
                                      id_columns=[], ml_usecase='regression',
                                      numerical_features=[],
                                      target='UNSUPERVISED_DUMMY_TARGET',
                                      time_features=[])),
                ('imputer',
                 Simple_Imputer(categorical_strategy='most frequent',
                                fill_value_categorical=None,
                                fill_value_numerical=Non...
                 Fix_multicollinearity(correlation_with_target_preference=None,
                                       correlation_with_target_threshold=0.0,
                                       target_variable='UNSUPERVISED_DUMMY_TARGET',
                                       threshold=0.9)),
                ('dfs', 'passthrough'), ('pca', 'passthrough'),
                ['trained_model',
                 IForest(behaviour='new', bootstrap=False, contamination=0.0010551491277433877,
    max_features=1.0, max_samples='auto', n_estimators=100, n_jobs=-1,
    random_state=3750, verbose=0)]],
         verbose=False)
2022-07-04 03:41:08,249:INFO:save_model() successfully completed......................................
2022-07-04 03:42:37,552:INFO:Initializing load_model()
2022-07-04 03:42:37,553:INFO:load_model(model_name=iforest_model, platform=None, authentication=None, verbose=True)
2022-07-04 03:53:44,272:INFO:Initializing create_model()
2022-07-04 03:53:44,272:INFO:create_model(estimator=iforest, num_clusters=4, fraction=0.0010551491277433877, ground_truth=None, round=4, fit_kwargs=None, verbose=True, system=True, add_to_model_list=True, raise_num_clusters=False, experiment_custom_tags=None, display=None, kwargs={})
2022-07-04 03:53:44,273:INFO:Checking exceptions
2022-07-04 03:53:44,273:INFO:Preparing display monitor
2022-07-04 03:53:44,298:INFO:Importing libraries
2022-07-04 03:53:44,317:INFO:Importing untrained model
2022-07-04 03:53:44,335:INFO:Isolation Forest Imported succesfully
2022-07-04 03:53:44,359:INFO:Fitting Model
2022-07-04 03:54:11,155:INFO:IForest(behaviour='new', bootstrap=False, contamination=0.0010551491277433877,
    max_features=1.0, max_samples='auto', n_estimators=100, n_jobs=-1,
    random_state=3750, verbose=0)
2022-07-04 03:54:11,156:INFO:create_models() succesfully completed......................................
2022-07-04 03:54:11,157:INFO:Uploading results into container
2022-07-04 03:54:11,158:INFO:Uploading model into container now
2022-07-04 03:54:11,160:INFO:create_model_container: 2
2022-07-04 03:54:11,160:INFO:master_model_container: 2
2022-07-04 03:54:11,160:INFO:display_container: 3
2022-07-04 03:54:11,162:INFO:IForest(behaviour='new', bootstrap=False, contamination=0.0010551491277433877,
    max_features=1.0, max_samples='auto', n_estimators=100, n_jobs=-1,
    random_state=3750, verbose=0)
2022-07-04 03:54:11,162:INFO:create_model() succesfully completed......................................
2022-07-04 03:56:03,454:INFO:PyCaret Supervised Module
2022-07-04 03:56:03,455:INFO:ML Usecase: anomaly
2022-07-04 03:56:03,455:INFO:version 2.3.10
2022-07-04 03:56:03,455:INFO:Initializing setup()
2022-07-04 03:56:03,456:INFO:setup(target=None, ml_usecase=anomaly, available_plots={'tsne': 'Anomaly TSnE (3d)', 'umap': 'UMAP Dimensionality'}, train_size=0.7, test_data=None, preprocess=True, imputation_type=simple, iterative_imputation_iters=5, categorical_features=None, categorical_imputation=mode, categorical_iterative_imputer=lightgbm, ordinal_features=None, high_cardinality_features=None, high_cardinality_method=frequency, numeric_features=None, numeric_imputation=mean, numeric_iterative_imputer=lightgbm, date_features=None, ignore_features=None, normalize=True, normalize_method=zscore, transformation=False, transformation_method=yeo-johnson, handle_unknown_categorical=True, unknown_categorical_method=least_frequent, pca=False, pca_method=linear, pca_components=None, ignore_low_variance=False, combine_rare_levels=False, rare_level_threshold=0.1, bin_numeric_features=None, remove_outliers=False, outliers_threshold=0.05, remove_multicollinearity=True, multicollinearity_threshold=0.9, remove_perfect_collinearity=False, create_clusters=False, cluster_iter=20, polynomial_features=False, polynomial_degree=2, trigonometry_features=False, polynomial_threshold=0.1, group_features=None, group_names=None, feature_selection=False, feature_selection_threshold=0.8, feature_selection_method=classic, feature_interaction=False, feature_ratio=False, interaction_threshold=0.01, fix_imbalance=False, fix_imbalance_method=None, transform_target=False, transform_target_method=box-cox, data_split_shuffle=False, data_split_stratify=False, fold_strategy=kfold, fold=10, fold_shuffle=False, fold_groups=None, n_jobs=-1, use_gpu=False, custom_pipeline=None, html=True, session_id=None, log_experiment=False, experiment_name=None, experiment_custom_tags=None, log_plots=False, log_profile=False, log_data=False, silent=True, verbose=True, profile=False, profile_kwargs=None, display=None)
2022-07-04 03:56:03,456:INFO:Checking environment
2022-07-04 03:56:03,456:INFO:python_version: 3.8.13
2022-07-04 03:56:03,456:INFO:python_build: ('default', 'Mar 28 2022 06:59:08')
2022-07-04 03:56:03,457:INFO:machine: AMD64
2022-07-04 03:56:03,457:INFO:platform: Windows-10-10.0.22000-SP0
2022-07-04 03:56:03,457:INFO:Memory: svmem(total=12710662144, available=4376596480, percent=65.6, used=8334065664, free=4376596480)
2022-07-04 03:56:03,459:INFO:Physical Core: 2
2022-07-04 03:56:03,459:INFO:Logical Core: 4
2022-07-04 03:56:03,459:INFO:Checking libraries
2022-07-04 03:56:03,460:INFO:pd==1.4.3
2022-07-04 03:56:03,460:INFO:numpy==1.19.5
2022-07-04 03:56:03,460:INFO:sklearn==0.23.2
2022-07-04 03:56:03,460:INFO:lightgbm==3.3.2
2022-07-04 03:56:03,464:WARNING:catboost not found
2022-07-04 03:56:03,470:WARNING:xgboost not found
2022-07-04 03:56:03,471:INFO:mlflow==1.27.0
2022-07-04 03:56:03,471:INFO:Checking Exceptions
2022-07-04 03:56:03,471:INFO:Declaring global variables
2022-07-04 03:56:03,471:INFO:USI: a7bd
2022-07-04 03:56:03,472:INFO:pycaret_globals: {'logging_param', 'fold_generator', 'pycaret_globals', 'fold_groups_param_full', 'fold_groups_param', 'target_param', 'html_param', 'iterative_imputation_iters_param', 'imputation_classifier', 'stratify_param', 'fold_param', 'log_plots_param', 'n_jobs_param', '_ml_usecase', '_gpu_n_jobs_param', 'seed', 'experiment__', '_available_plots', 'prep_pipe', '_all_metrics', 'dashboard_logger', 'transform_target_param', 'display_container', 'imputation_regressor', '_internal_pipeline', 'transform_target_method_param', 'fix_imbalance_method_param', '_all_models_internal', 'data_before_preprocess', 'exp_name_log', 'USI', 'gpu_param', 'master_model_container', 'fold_shuffle_param', 'create_model_container', 'X', 'fix_imbalance_param', '_all_models'}
2022-07-04 03:56:03,472:INFO:Preparing display monitor
2022-07-04 03:56:03,472:INFO:Preparing display monitor
2022-07-04 03:56:03,558:INFO:Importing libraries
2022-07-04 03:56:03,559:INFO:Copying data for preprocessing
2022-07-04 03:56:03,619:INFO:Declaring preprocessing parameters
2022-07-04 03:56:03,671:INFO:Creating preprocessing pipeline
2022-07-04 03:56:09,537:INFO:Preprocessing pipeline created successfully
2022-07-04 03:56:09,538:ERROR:(Process Exit): setup has been interupted with user command 'quit'. setup must rerun.
2022-07-04 03:56:09,539:INFO:Creating global containers
2022-07-04 03:56:09,546:INFO:Internal pipeline: Pipeline(memory=None, steps=[('empty_step', 'passthrough')], verbose=False)
2022-07-04 03:56:27,416:INFO:Creating grid variables
2022-07-04 03:56:27,491:INFO:create_model_container: 0
2022-07-04 03:56:27,492:INFO:master_model_container: 0
2022-07-04 03:56:27,492:INFO:display_container: 1
2022-07-04 03:56:27,530:INFO:Pipeline(memory=None,
         steps=[('dtypes',
                 DataTypes_Auto_infer(categorical_features=[],
                                      display_types=False, features_todrop=[],
                                      id_columns=[], ml_usecase='regression',
                                      numerical_features=[],
                                      target='UNSUPERVISED_DUMMY_TARGET',
                                      time_features=[])),
                ('imputer',
                 Simple_Imputer(categorical_strategy='most frequent',
                                fill_value_categorical=None,
                                fill_value_numerical=Non...
                ('dummy', Dummify(target='UNSUPERVISED_DUMMY_TARGET')),
                ('fix_perfect', 'passthrough'),
                ('clean_names', Clean_Colum_Names()),
                ('feature_select', 'passthrough'),
                ('fix_multi',
                 Fix_multicollinearity(correlation_with_target_preference=None,
                                       correlation_with_target_threshold=0.0,
                                       target_variable='UNSUPERVISED_DUMMY_TARGET',
                                       threshold=0.9)),
                ('dfs', 'passthrough'), ('pca', 'passthrough')],
         verbose=False)
2022-07-04 03:56:27,556:INFO:setup() succesfully completed......................................
2022-07-04 03:57:53,505:INFO:Initializing create_model()
2022-07-04 03:57:53,506:INFO:create_model(estimator=iforest, num_clusters=4, fraction=0.0010551491277433877, ground_truth=None, round=4, fit_kwargs=None, verbose=True, system=True, add_to_model_list=True, raise_num_clusters=False, experiment_custom_tags=None, display=None, kwargs={})
2022-07-04 03:57:53,506:INFO:Checking exceptions
2022-07-04 03:57:53,506:INFO:Preparing display monitor
2022-07-04 03:57:53,534:INFO:Importing libraries
2022-07-04 03:57:53,553:INFO:Importing untrained model
2022-07-04 03:57:53,571:INFO:Isolation Forest Imported succesfully
2022-07-04 03:57:53,592:INFO:Fitting Model
2022-07-04 03:58:21,185:INFO:IForest(behaviour='new', bootstrap=False, contamination=0.0010551491277433877,
    max_features=1.0, max_samples='auto', n_estimators=100, n_jobs=-1,
    random_state=4072, verbose=0)
2022-07-04 03:58:21,185:INFO:create_models() succesfully completed......................................
2022-07-04 03:58:21,187:INFO:Uploading results into container
2022-07-04 03:58:21,188:INFO:Uploading model into container now
2022-07-04 03:58:21,190:INFO:create_model_container: 1
2022-07-04 03:58:21,191:INFO:master_model_container: 1
2022-07-04 03:58:21,192:INFO:display_container: 2
2022-07-04 03:58:21,193:INFO:IForest(behaviour='new', bootstrap=False, contamination=0.0010551491277433877,
    max_features=1.0, max_samples='auto', n_estimators=100, n_jobs=-1,
    random_state=4072, verbose=0)
2022-07-04 03:58:21,193:INFO:create_model() succesfully completed......................................
2022-07-04 04:00:20,584:INFO:Initializing compare_models()
2022-07-04 04:00:20,585:INFO:compare_models(include=None, fold=None, round=4, cross_validation=True, sort=F1, n_select=3, budget_time=None, turbo=True, errors=ignore, fit_kwargs=None, groups=None, experiment_custom_tags=None, probability_threshold=None, verbose=True, display=None, exclude=None)
2022-07-04 04:00:20,585:INFO:Checking exceptions
2022-07-04 04:01:32,477:INFO:Initializing compare_models()
2022-07-04 04:01:32,477:INFO:compare_models(include=None, fold=None, round=4, cross_validation=True, sort=F1, n_select=3, budget_time=None, turbo=True, errors=ignore, fit_kwargs=None, groups=None, experiment_custom_tags=None, probability_threshold=None, verbose=True, display=None, exclude=None)
2022-07-04 04:01:32,478:INFO:Checking exceptions
2022-07-04 04:02:29,284:INFO:Initializing compare_models()
2022-07-04 04:02:29,285:INFO:compare_models(include=None, fold=None, round=4, cross_validation=True, sort=F1, n_select=3, budget_time=None, turbo=True, errors=ignore, fit_kwargs=None, groups=None, experiment_custom_tags=None, probability_threshold=None, verbose=True, display=None, exclude=None)
2022-07-04 04:02:29,285:INFO:Checking exceptions
2022-07-04 04:03:39,651:INFO:Initializing compare_models()
2022-07-04 04:03:39,651:INFO:compare_models(include=None, fold=None, round=4, cross_validation=True, sort=F1, n_select=3, budget_time=None, turbo=True, errors=ignore, fit_kwargs=None, groups=None, experiment_custom_tags=None, probability_threshold=None, verbose=True, display=None, exclude=None)
2022-07-04 04:03:39,651:INFO:Checking exceptions
2022-07-04 04:03:43,623:INFO:Initializing compare_models()
2022-07-04 04:03:43,624:INFO:compare_models(include=None, fold=None, round=4, cross_validation=True, sort=F1, n_select=3, budget_time=None, turbo=True, errors=ignore, fit_kwargs=None, groups=None, experiment_custom_tags=None, probability_threshold=None, verbose=True, display=None, exclude=None)
2022-07-04 04:03:43,624:INFO:Checking exceptions
2022-07-04 04:05:10,192:INFO:Initializing compare_models()
2022-07-04 04:05:10,192:INFO:compare_models(include=None, fold=None, round=4, cross_validation=True, sort=F1, n_select=1, budget_time=None, turbo=True, errors=ignore, fit_kwargs=None, groups=None, experiment_custom_tags=None, probability_threshold=None, verbose=True, display=None, exclude=None)
2022-07-04 04:05:10,193:INFO:Checking exceptions
2022-07-04 04:05:47,951:INFO:Initializing compare_models()
2022-07-04 04:05:47,951:INFO:compare_models(include=['lr', 'dt', 'lightgbm'], fold=None, round=4, cross_validation=True, sort=Accuracy, n_select=1, budget_time=None, turbo=True, errors=ignore, fit_kwargs=None, groups=None, experiment_custom_tags=None, probability_threshold=None, verbose=True, display=None, exclude=None)
2022-07-04 04:05:47,951:INFO:Checking exceptions
2022-07-04 04:06:00,112:INFO:Initializing compare_models()
2022-07-04 04:06:00,113:INFO:compare_models(include=None, fold=None, round=4, cross_validation=True, sort=F1, n_select=1, budget_time=None, turbo=True, errors=ignore, fit_kwargs=None, groups=None, experiment_custom_tags=None, probability_threshold=None, verbose=True, display=None, exclude=None)
2022-07-04 04:06:00,114:INFO:Checking exceptions
2022-07-04 04:08:00,888:INFO:PyCaret Supervised Module
2022-07-04 04:08:00,889:INFO:ML Usecase: anomaly
2022-07-04 04:08:00,889:INFO:version 2.3.10
2022-07-04 04:08:00,890:INFO:Initializing setup()
2022-07-04 04:08:00,890:INFO:setup(target=None, ml_usecase=anomaly, available_plots={'tsne': 'Anomaly TSnE (3d)', 'umap': 'UMAP Dimensionality'}, train_size=0.7, test_data=None, preprocess=True, imputation_type=simple, iterative_imputation_iters=5, categorical_features=None, categorical_imputation=mode, categorical_iterative_imputer=lightgbm, ordinal_features=None, high_cardinality_features=None, high_cardinality_method=frequency, numeric_features=None, numeric_imputation=mean, numeric_iterative_imputer=lightgbm, date_features=None, ignore_features=None, normalize=True, normalize_method=zscore, transformation=False, transformation_method=yeo-johnson, handle_unknown_categorical=True, unknown_categorical_method=least_frequent, pca=False, pca_method=linear, pca_components=None, ignore_low_variance=False, combine_rare_levels=False, rare_level_threshold=0.1, bin_numeric_features=None, remove_outliers=False, outliers_threshold=0.05, remove_multicollinearity=True, multicollinearity_threshold=0.9, remove_perfect_collinearity=False, create_clusters=False, cluster_iter=20, polynomial_features=False, polynomial_degree=2, trigonometry_features=False, polynomial_threshold=0.1, group_features=None, group_names=None, feature_selection=False, feature_selection_threshold=0.8, feature_selection_method=classic, feature_interaction=False, feature_ratio=False, interaction_threshold=0.01, fix_imbalance=False, fix_imbalance_method=None, transform_target=False, transform_target_method=box-cox, data_split_shuffle=False, data_split_stratify=False, fold_strategy=kfold, fold=10, fold_shuffle=False, fold_groups=None, n_jobs=-1, use_gpu=False, custom_pipeline=None, html=True, session_id=None, log_experiment=False, experiment_name=None, experiment_custom_tags=None, log_plots=False, log_profile=False, log_data=False, silent=True, verbose=True, profile=False, profile_kwargs=None, display=None)
2022-07-04 04:08:00,890:INFO:Checking environment
2022-07-04 04:08:00,891:INFO:python_version: 3.8.13
2022-07-04 04:08:00,891:INFO:python_build: ('default', 'Mar 28 2022 06:59:08')
2022-07-04 04:08:00,891:INFO:machine: AMD64
2022-07-04 04:08:00,892:INFO:platform: Windows-10-10.0.22000-SP0
2022-07-04 04:08:00,892:INFO:Memory: svmem(total=12710662144, available=4245180416, percent=66.6, used=8465481728, free=4245180416)
2022-07-04 04:08:00,892:INFO:Physical Core: 2
2022-07-04 04:08:00,893:INFO:Logical Core: 4
2022-07-04 04:08:00,893:INFO:Checking libraries
2022-07-04 04:08:00,893:INFO:pd==1.4.3
2022-07-04 04:08:00,894:INFO:numpy==1.19.5
2022-07-04 04:08:00,894:INFO:sklearn==0.23.2
2022-07-04 04:08:00,894:INFO:lightgbm==3.3.2
2022-07-04 04:08:00,896:WARNING:catboost not found
2022-07-04 04:08:00,900:WARNING:xgboost not found
2022-07-04 04:08:00,901:INFO:mlflow==1.27.0
2022-07-04 04:08:00,901:INFO:Checking Exceptions
2022-07-04 04:08:00,901:INFO:Declaring global variables
2022-07-04 04:08:00,901:INFO:USI: 1659
2022-07-04 04:08:00,902:INFO:pycaret_globals: {'html_param', 'imputation_regressor', 'pycaret_globals', '_ml_usecase', 'USI', '_internal_pipeline', 'exp_name_log', 'gpu_param', 'master_model_container', '_all_metrics', 'stratify_param', 'seed', 'fold_param', 'fix_imbalance_method_param', 'log_plots_param', 'fold_groups_param', 'experiment__', 'target_param', 'X', '_all_models_internal', '_all_models', 'fix_imbalance_param', 'fold_groups_param_full', 'n_jobs_param', 'create_model_container', 'iterative_imputation_iters_param', 'fold_shuffle_param', 'logging_param', 'dashboard_logger', 'fold_generator', '_available_plots', 'data_before_preprocess', '_gpu_n_jobs_param', 'display_container', 'prep_pipe', 'transform_target_method_param', 'transform_target_param', 'imputation_classifier'}
2022-07-04 04:08:00,902:INFO:Preparing display monitor
2022-07-04 04:08:00,902:INFO:Preparing display monitor
2022-07-04 04:08:00,968:INFO:Importing libraries
2022-07-04 04:08:00,969:INFO:Copying data for preprocessing
2022-07-04 04:08:01,008:INFO:Declaring preprocessing parameters
2022-07-04 04:08:01,058:INFO:Creating preprocessing pipeline
2022-07-04 04:08:01,930:INFO:Preprocessing pipeline created successfully
2022-07-04 04:08:01,931:ERROR:(Process Exit): setup has been interupted with user command 'quit'. setup must rerun.
2022-07-04 04:08:01,932:INFO:Creating global containers
2022-07-04 04:08:01,935:INFO:Internal pipeline: Pipeline(memory=None, steps=[('empty_step', 'passthrough')], verbose=False)
2022-07-04 04:08:07,047:INFO:Creating grid variables
2022-07-04 04:08:07,095:INFO:create_model_container: 0
2022-07-04 04:08:07,096:INFO:master_model_container: 0
2022-07-04 04:08:07,096:INFO:display_container: 1
2022-07-04 04:08:07,117:INFO:Pipeline(memory=None,
         steps=[('dtypes',
                 DataTypes_Auto_infer(categorical_features=[],
                                      display_types=False, features_todrop=[],
                                      id_columns=[], ml_usecase='regression',
                                      numerical_features=[],
                                      target='UNSUPERVISED_DUMMY_TARGET',
                                      time_features=[])),
                ('imputer',
                 Simple_Imputer(categorical_strategy='most frequent',
                                fill_value_categorical=None,
                                fill_value_numerical=Non...
                ('dummy', Dummify(target='UNSUPERVISED_DUMMY_TARGET')),
                ('fix_perfect', 'passthrough'),
                ('clean_names', Clean_Colum_Names()),
                ('feature_select', 'passthrough'),
                ('fix_multi',
                 Fix_multicollinearity(correlation_with_target_preference=None,
                                       correlation_with_target_threshold=0.0,
                                       target_variable='UNSUPERVISED_DUMMY_TARGET',
                                       threshold=0.9)),
                ('dfs', 'passthrough'), ('pca', 'passthrough')],
         verbose=False)
2022-07-04 04:08:07,117:INFO:setup() succesfully completed......................................
2022-07-04 04:08:11,757:INFO:Initializing compare_models()
2022-07-04 04:08:11,758:INFO:compare_models(include=None, fold=None, round=4, cross_validation=True, sort=F1, n_select=3, budget_time=None, turbo=True, errors=ignore, fit_kwargs=None, groups=None, experiment_custom_tags=None, probability_threshold=None, verbose=True, display=None, exclude=None)
2022-07-04 04:08:11,758:INFO:Checking exceptions
2022-07-04 04:08:18,738:INFO:Initializing compare_models()
2022-07-04 04:08:18,738:INFO:compare_models(include=None, fold=None, round=4, cross_validation=True, sort=F1", n_select=3, budget_time=None, turbo=True, errors=ignore, fit_kwargs=None, groups=None, experiment_custom_tags=None, probability_threshold=None, verbose=True, display=None, exclude=None)
2022-07-04 04:08:18,739:INFO:Checking exceptions
2022-07-04 04:08:44,820:INFO:Initializing compare_models()
2022-07-04 04:08:44,820:INFO:compare_models(include=None, fold=None, round=4, cross_validation=True, sort=F1, n_select=3, budget_time=None, turbo=True, errors=ignore, fit_kwargs=None, groups=None, experiment_custom_tags=None, probability_threshold=None, verbose=True, display=None, exclude=None)
2022-07-04 04:08:44,821:INFO:Checking exceptions
2022-07-04 04:10:22,852:INFO:PyCaret Supervised Module
2022-07-04 04:10:22,853:INFO:ML Usecase: anomaly
2022-07-04 04:10:22,853:INFO:version 2.3.10
2022-07-04 04:10:22,853:INFO:Initializing setup()
2022-07-04 04:10:22,854:INFO:setup(target=None, ml_usecase=anomaly, available_plots={'tsne': 'Anomaly TSnE (3d)', 'umap': 'UMAP Dimensionality'}, train_size=0.7, test_data=None, preprocess=True, imputation_type=simple, iterative_imputation_iters=5, categorical_features=None, categorical_imputation=mode, categorical_iterative_imputer=lightgbm, ordinal_features=None, high_cardinality_features=None, high_cardinality_method=frequency, numeric_features=None, numeric_imputation=mean, numeric_iterative_imputer=lightgbm, date_features=None, ignore_features=None, normalize=False, normalize_method=zscore, transformation=False, transformation_method=yeo-johnson, handle_unknown_categorical=True, unknown_categorical_method=least_frequent, pca=False, pca_method=linear, pca_components=None, ignore_low_variance=False, combine_rare_levels=False, rare_level_threshold=0.1, bin_numeric_features=None, remove_outliers=False, outliers_threshold=0.05, remove_multicollinearity=False, multicollinearity_threshold=0.9, remove_perfect_collinearity=False, create_clusters=False, cluster_iter=20, polynomial_features=False, polynomial_degree=2, trigonometry_features=False, polynomial_threshold=0.1, group_features=None, group_names=None, feature_selection=False, feature_selection_threshold=0.8, feature_selection_method=classic, feature_interaction=False, feature_ratio=False, interaction_threshold=0.01, fix_imbalance=False, fix_imbalance_method=None, transform_target=False, transform_target_method=box-cox, data_split_shuffle=False, data_split_stratify=False, fold_strategy=kfold, fold=10, fold_shuffle=False, fold_groups=None, n_jobs=-1, use_gpu=False, custom_pipeline=None, html=True, session_id=None, log_experiment=False, experiment_name=None, experiment_custom_tags=None, log_plots=False, log_profile=False, log_data=False, silent=False, verbose=True, profile=False, profile_kwargs=None, display=None)
2022-07-04 04:10:22,854:INFO:Checking environment
2022-07-04 04:10:22,854:INFO:python_version: 3.8.13
2022-07-04 04:10:22,855:INFO:python_build: ('default', 'Mar 28 2022 06:59:08')
2022-07-04 04:10:22,855:INFO:machine: AMD64
2022-07-04 04:10:22,855:INFO:platform: Windows-10-10.0.22000-SP0
2022-07-04 04:10:22,856:INFO:Memory: svmem(total=12710662144, available=4179501056, percent=67.1, used=8531161088, free=4179501056)
2022-07-04 04:10:22,856:INFO:Physical Core: 2
2022-07-04 04:10:22,856:INFO:Logical Core: 4
2022-07-04 04:10:22,856:INFO:Checking libraries
2022-07-04 04:10:22,856:INFO:pd==1.4.3
2022-07-04 04:10:22,856:INFO:numpy==1.19.5
2022-07-04 04:10:22,856:INFO:sklearn==0.23.2
2022-07-04 04:10:22,857:INFO:lightgbm==3.3.2
2022-07-04 04:10:22,859:WARNING:catboost not found
2022-07-04 04:10:22,861:WARNING:xgboost not found
2022-07-04 04:10:22,861:INFO:mlflow==1.27.0
2022-07-04 04:10:22,861:INFO:Checking Exceptions
2022-07-04 04:10:22,862:INFO:Declaring global variables
2022-07-04 04:10:22,862:INFO:USI: 9147
2022-07-04 04:10:22,862:INFO:pycaret_globals: {'html_param', 'imputation_regressor', 'pycaret_globals', '_ml_usecase', 'USI', '_internal_pipeline', 'exp_name_log', 'gpu_param', 'master_model_container', '_all_metrics', 'stratify_param', 'seed', 'fold_param', 'fix_imbalance_method_param', 'log_plots_param', 'fold_groups_param', 'experiment__', 'target_param', 'X', '_all_models_internal', '_all_models', 'fix_imbalance_param', 'fold_groups_param_full', 'n_jobs_param', 'create_model_container', 'iterative_imputation_iters_param', 'fold_shuffle_param', 'logging_param', 'dashboard_logger', 'fold_generator', '_available_plots', 'data_before_preprocess', '_gpu_n_jobs_param', 'display_container', 'prep_pipe', 'transform_target_method_param', 'transform_target_param', 'imputation_classifier'}
2022-07-04 04:10:22,862:INFO:Preparing display monitor
2022-07-04 04:10:22,862:INFO:Preparing display monitor
2022-07-04 04:10:22,895:INFO:Importing libraries
2022-07-04 04:10:22,896:INFO:Copying data for preprocessing
2022-07-04 04:10:22,941:INFO:Declaring preprocessing parameters
2022-07-04 04:10:23,017:INFO:Creating preprocessing pipeline
2022-07-04 04:10:24,923:INFO:Preprocessing pipeline created successfully
2022-07-04 04:10:24,923:ERROR:(Process Exit): setup has been interupted with user command 'quit'. setup must rerun.
2022-07-04 04:10:24,924:INFO:Creating global containers
2022-07-04 04:10:24,924:INFO:Internal pipeline: Pipeline(memory=None, steps=[('empty_step', 'passthrough')], verbose=False)
2022-07-04 04:10:40,388:INFO:Creating grid variables
2022-07-04 04:10:40,426:INFO:create_model_container: 0
2022-07-04 04:10:40,427:INFO:master_model_container: 0
2022-07-04 04:10:40,427:INFO:display_container: 1
2022-07-04 04:10:40,439:INFO:Pipeline(memory=None,
         steps=[('dtypes',
                 DataTypes_Auto_infer(categorical_features=[],
                                      display_types=True, features_todrop=[],
                                      id_columns=[], ml_usecase='regression',
                                      numerical_features=[],
                                      target='UNSUPERVISED_DUMMY_TARGET',
                                      time_features=[])),
                ('imputer',
                 Simple_Imputer(categorical_strategy='most frequent',
                                fill_value_categorical=None,
                                fill_value_numerical=None...
                ('scaling', 'passthrough'), ('P_transform', 'passthrough'),
                ('binn', 'passthrough'), ('rem_outliers', 'passthrough'),
                ('cluster_all', 'passthrough'),
                ('dummy', Dummify(target='UNSUPERVISED_DUMMY_TARGET')),
                ('fix_perfect', 'passthrough'),
                ('clean_names', Clean_Colum_Names()),
                ('feature_select', 'passthrough'), ('fix_multi', 'passthrough'),
                ('dfs', 'passthrough'), ('pca', 'passthrough')],
         verbose=False)
2022-07-04 04:10:40,439:INFO:setup() succesfully completed......................................
2022-07-04 04:10:44,359:INFO:Initializing compare_models()
2022-07-04 04:10:44,359:INFO:compare_models(include=None, fold=None, round=4, cross_validation=True, sort=F1, n_select=3, budget_time=None, turbo=True, errors=ignore, fit_kwargs=None, groups=None, experiment_custom_tags=None, probability_threshold=None, verbose=True, display=None, exclude=None)
2022-07-04 04:10:44,359:INFO:Checking exceptions
2022-07-04 04:11:41,366:INFO:Initializing compare_models()
2022-07-04 04:11:41,366:INFO:compare_models(include=None, fold=None, round=4, cross_validation=True, sort=Accuracy, n_select=1, budget_time=None, turbo=True, errors=ignore, fit_kwargs=None, groups=None, experiment_custom_tags=None, probability_threshold=None, verbose=True, display=None, exclude=None)
2022-07-04 04:11:41,367:INFO:Checking exceptions
2022-07-04 04:11:49,243:INFO:Initializing compare_models()
2022-07-04 04:11:49,244:INFO:compare_models(include=None, fold=None, round=4, cross_validation=True, sort=Accuracy, n_select=1, budget_time=None, turbo=True, errors=ignore, fit_kwargs=None, groups=None, experiment_custom_tags=None, probability_threshold=None, verbose=True, display=None, exclude=None)
2022-07-04 04:11:49,244:INFO:Checking exceptions
2022-07-04 04:12:40,664:INFO:PyCaret Supervised Module
2022-07-04 04:12:40,664:INFO:ML Usecase: anomaly
2022-07-04 04:12:40,665:INFO:version 2.3.10
2022-07-04 04:12:40,665:INFO:Initializing setup()
2022-07-04 04:12:40,665:INFO:setup(target=None, ml_usecase=anomaly, available_plots={'tsne': 'Anomaly TSnE (3d)', 'umap': 'UMAP Dimensionality'}, train_size=0.7, test_data=None, preprocess=True, imputation_type=simple, iterative_imputation_iters=5, categorical_features=None, categorical_imputation=mode, categorical_iterative_imputer=lightgbm, ordinal_features=None, high_cardinality_features=None, high_cardinality_method=frequency, numeric_features=None, numeric_imputation=mean, numeric_iterative_imputer=lightgbm, date_features=None, ignore_features=None, normalize=True, normalize_method=zscore, transformation=False, transformation_method=yeo-johnson, handle_unknown_categorical=True, unknown_categorical_method=least_frequent, pca=False, pca_method=linear, pca_components=None, ignore_low_variance=False, combine_rare_levels=False, rare_level_threshold=0.1, bin_numeric_features=None, remove_outliers=False, outliers_threshold=0.05, remove_multicollinearity=True, multicollinearity_threshold=0.9, remove_perfect_collinearity=False, create_clusters=False, cluster_iter=20, polynomial_features=False, polynomial_degree=2, trigonometry_features=False, polynomial_threshold=0.1, group_features=None, group_names=None, feature_selection=False, feature_selection_threshold=0.8, feature_selection_method=classic, feature_interaction=False, feature_ratio=False, interaction_threshold=0.01, fix_imbalance=False, fix_imbalance_method=None, transform_target=False, transform_target_method=box-cox, data_split_shuffle=False, data_split_stratify=False, fold_strategy=kfold, fold=10, fold_shuffle=False, fold_groups=None, n_jobs=-1, use_gpu=False, custom_pipeline=None, html=True, session_id=None, log_experiment=False, experiment_name=None, experiment_custom_tags=None, log_plots=False, log_profile=False, log_data=False, silent=True, verbose=True, profile=False, profile_kwargs=None, display=None)
2022-07-04 04:12:40,665:INFO:Checking environment
2022-07-04 04:12:40,666:INFO:python_version: 3.8.13
2022-07-04 04:12:40,666:INFO:python_build: ('default', 'Mar 28 2022 06:59:08')
2022-07-04 04:12:40,666:INFO:machine: AMD64
2022-07-04 04:12:40,666:INFO:platform: Windows-10-10.0.22000-SP0
2022-07-04 04:12:40,666:INFO:Memory: svmem(total=12710662144, available=4036583424, percent=68.2, used=8674078720, free=4036583424)
2022-07-04 04:12:40,666:INFO:Physical Core: 2
2022-07-04 04:12:40,666:INFO:Logical Core: 4
2022-07-04 04:12:40,667:INFO:Checking libraries
2022-07-04 04:12:40,667:INFO:pd==1.4.3
2022-07-04 04:12:40,667:INFO:numpy==1.19.5
2022-07-04 04:12:40,667:INFO:sklearn==0.23.2
2022-07-04 04:12:40,667:INFO:lightgbm==3.3.2
2022-07-04 04:12:40,669:WARNING:catboost not found
2022-07-04 04:12:40,671:WARNING:xgboost not found
2022-07-04 04:12:40,671:INFO:mlflow==1.27.0
2022-07-04 04:12:40,671:INFO:Checking Exceptions
2022-07-04 04:12:40,671:INFO:Declaring global variables
2022-07-04 04:12:40,671:INFO:USI: 2897
2022-07-04 04:12:40,672:INFO:pycaret_globals: {'html_param', 'imputation_regressor', 'pycaret_globals', '_ml_usecase', 'USI', '_internal_pipeline', 'exp_name_log', 'gpu_param', 'master_model_container', '_all_metrics', 'stratify_param', 'seed', 'fold_param', 'fix_imbalance_method_param', 'log_plots_param', 'fold_groups_param', 'experiment__', 'target_param', 'X', '_all_models_internal', '_all_models', 'fix_imbalance_param', 'fold_groups_param_full', 'n_jobs_param', 'create_model_container', 'iterative_imputation_iters_param', 'fold_shuffle_param', 'logging_param', 'dashboard_logger', 'fold_generator', '_available_plots', 'data_before_preprocess', '_gpu_n_jobs_param', 'display_container', 'prep_pipe', 'transform_target_method_param', 'transform_target_param', 'imputation_classifier'}
2022-07-04 04:12:40,672:INFO:Preparing display monitor
2022-07-04 04:12:40,672:INFO:Preparing display monitor
2022-07-04 04:12:40,691:INFO:Importing libraries
2022-07-04 04:12:40,691:INFO:Copying data for preprocessing
2022-07-04 04:12:40,720:INFO:Declaring preprocessing parameters
2022-07-04 04:12:40,746:INFO:Creating preprocessing pipeline
2022-07-04 04:12:41,477:INFO:Preprocessing pipeline created successfully
2022-07-04 04:12:41,477:ERROR:(Process Exit): setup has been interupted with user command 'quit'. setup must rerun.
2022-07-04 04:12:41,477:INFO:Creating global containers
2022-07-04 04:12:41,478:INFO:Internal pipeline: Pipeline(memory=None, steps=[('empty_step', 'passthrough')], verbose=False)
2022-07-04 04:12:48,225:INFO:Creating grid variables
2022-07-04 04:12:48,268:INFO:create_model_container: 0
2022-07-04 04:12:48,269:INFO:master_model_container: 0
2022-07-04 04:12:48,269:INFO:display_container: 1
2022-07-04 04:12:48,294:INFO:Pipeline(memory=None,
         steps=[('dtypes',
                 DataTypes_Auto_infer(categorical_features=[],
                                      display_types=False, features_todrop=[],
                                      id_columns=[], ml_usecase='regression',
                                      numerical_features=[],
                                      target='UNSUPERVISED_DUMMY_TARGET',
                                      time_features=[])),
                ('imputer',
                 Simple_Imputer(categorical_strategy='most frequent',
                                fill_value_categorical=None,
                                fill_value_numerical=Non...
                ('dummy', Dummify(target='UNSUPERVISED_DUMMY_TARGET')),
                ('fix_perfect', 'passthrough'),
                ('clean_names', Clean_Colum_Names()),
                ('feature_select', 'passthrough'),
                ('fix_multi',
                 Fix_multicollinearity(correlation_with_target_preference=None,
                                       correlation_with_target_threshold=0.0,
                                       target_variable='UNSUPERVISED_DUMMY_TARGET',
                                       threshold=0.9)),
                ('dfs', 'passthrough'), ('pca', 'passthrough')],
         verbose=False)
2022-07-04 04:12:48,294:INFO:setup() succesfully completed......................................
2022-07-04 04:14:25,502:INFO:Initializing compare_models()
2022-07-04 04:14:25,503:INFO:compare_models(include=None, fold=None, round=4, cross_validation=True, sort=AUC, n_select=3, budget_time=None, turbo=True, errors=ignore, fit_kwargs=None, groups=None, experiment_custom_tags=None, probability_threshold=None, verbose=True, display=None, exclude=None)
2022-07-04 04:14:25,503:INFO:Checking exceptions
2022-07-04 04:16:18,144:INFO:Initializing compare_models()
2022-07-04 04:16:18,145:INFO:compare_models(include=None, fold=None, round=4, cross_validation=True, sort=F1, n_select=3, budget_time=None, turbo=True, errors=ignore, fit_kwargs=None, groups=None, experiment_custom_tags=None, probability_threshold=None, verbose=True, display=None, exclude=None)
2022-07-04 04:16:18,145:INFO:Checking exceptions
2022-07-04 04:20:34,194:INFO:gpu_param set to False
2022-07-04 04:25:51,287:INFO:Initializing compare_models()
2022-07-04 04:25:51,287:INFO:compare_models(include=None, fold=10, round=4, cross_validation=True, sort=F1, n_select=3, budget_time=0, turbo=False, errors=ignore, fit_kwargs=None, groups=None, experiment_custom_tags=None, probability_threshold=None, verbose=True, display=None, exclude=None)
2022-07-04 04:25:51,287:INFO:Checking exceptions
2022-07-04 04:30:32,218:INFO:PyCaret Supervised Module
2022-07-04 04:30:32,219:INFO:ML Usecase: anomaly
2022-07-04 04:30:32,219:INFO:version 2.3.10
2022-07-04 04:30:32,219:INFO:Initializing setup()
2022-07-04 04:30:32,219:INFO:setup(target=None, ml_usecase=anomaly, available_plots={'tsne': 'Anomaly TSnE (3d)', 'umap': 'UMAP Dimensionality'}, train_size=0.7, test_data=None, preprocess=True, imputation_type=simple, iterative_imputation_iters=5, categorical_features=None, categorical_imputation=mode, categorical_iterative_imputer=lightgbm, ordinal_features=None, high_cardinality_features=None, high_cardinality_method=frequency, numeric_features=None, numeric_imputation=mean, numeric_iterative_imputer=lightgbm, date_features=None, ignore_features=None, normalize=True, normalize_method=zscore, transformation=False, transformation_method=yeo-johnson, handle_unknown_categorical=True, unknown_categorical_method=least_frequent, pca=False, pca_method=linear, pca_components=None, ignore_low_variance=False, combine_rare_levels=False, rare_level_threshold=0.1, bin_numeric_features=None, remove_outliers=False, outliers_threshold=0.05, remove_multicollinearity=True, multicollinearity_threshold=0.9, remove_perfect_collinearity=False, create_clusters=False, cluster_iter=20, polynomial_features=False, polynomial_degree=2, trigonometry_features=False, polynomial_threshold=0.1, group_features=None, group_names=None, feature_selection=False, feature_selection_threshold=0.8, feature_selection_method=classic, feature_interaction=False, feature_ratio=False, interaction_threshold=0.01, fix_imbalance=False, fix_imbalance_method=None, transform_target=False, transform_target_method=box-cox, data_split_shuffle=False, data_split_stratify=False, fold_strategy=kfold, fold=10, fold_shuffle=False, fold_groups=None, n_jobs=-1, use_gpu=False, custom_pipeline=None, html=True, session_id=None, log_experiment=False, experiment_name=None, experiment_custom_tags=None, log_plots=False, log_profile=False, log_data=False, silent=True, verbose=True, profile=False, profile_kwargs=None, display=None)
2022-07-04 04:30:32,220:INFO:Checking environment
2022-07-04 04:30:32,220:INFO:python_version: 3.8.13
2022-07-04 04:30:32,220:INFO:python_build: ('default', 'Mar 28 2022 06:59:08')
2022-07-04 04:30:32,220:INFO:machine: AMD64
2022-07-04 04:30:32,220:INFO:platform: Windows-10-10.0.22000-SP0
2022-07-04 04:30:32,220:INFO:Memory: svmem(total=12710662144, available=4219379712, percent=66.8, used=8491282432, free=4219379712)
2022-07-04 04:30:32,221:INFO:Physical Core: 2
2022-07-04 04:30:32,221:INFO:Logical Core: 4
2022-07-04 04:30:32,221:INFO:Checking libraries
2022-07-04 04:30:32,221:INFO:pd==1.4.3
2022-07-04 04:30:32,221:INFO:numpy==1.19.5
2022-07-04 04:30:32,222:INFO:sklearn==0.23.2
2022-07-04 04:30:32,222:INFO:lightgbm==3.3.2
2022-07-04 04:30:32,226:WARNING:catboost not found
2022-07-04 04:30:32,228:WARNING:xgboost not found
2022-07-04 04:30:32,229:INFO:mlflow==1.27.0
2022-07-04 04:30:32,229:INFO:Checking Exceptions
2022-07-04 04:30:32,229:INFO:Declaring global variables
2022-07-04 04:30:32,229:INFO:USI: c740
2022-07-04 04:30:32,230:INFO:pycaret_globals: {'prep_pipe', '_all_metrics', 'fix_imbalance_param', 'fold_groups_param_full', 'master_model_container', 'experiment__', '_all_models', 'imputation_regressor', 'fold_generator', '_internal_pipeline', 'fold_groups_param', 'dashboard_logger', 'X', 'seed', 'fold_param', 'data_before_preprocess', '_gpu_n_jobs_param', 'USI', 'pycaret_globals', 'fix_imbalance_method_param', 'iterative_imputation_iters_param', 'stratify_param', 'logging_param', 'transform_target_method_param', 'imputation_classifier', 'display_container', 'exp_name_log', 'target_param', 'fold_shuffle_param', '_available_plots', 'transform_target_param', 'html_param', 'n_jobs_param', '_ml_usecase', 'create_model_container', 'gpu_param', 'log_plots_param', '_all_models_internal'}
2022-07-04 04:30:32,230:INFO:Preparing display monitor
2022-07-04 04:30:32,230:INFO:Preparing display monitor
2022-07-04 04:30:32,304:INFO:Importing libraries
2022-07-04 04:30:32,305:INFO:Copying data for preprocessing
2022-07-04 04:30:32,347:INFO:Declaring preprocessing parameters
2022-07-04 04:30:32,385:INFO:Creating preprocessing pipeline
2022-07-04 04:30:34,330:INFO:Preprocessing pipeline created successfully
2022-07-04 04:30:34,331:ERROR:(Process Exit): setup has been interupted with user command 'quit'. setup must rerun.
2022-07-04 04:30:34,332:INFO:Creating global containers
2022-07-04 04:30:34,339:INFO:Internal pipeline: Pipeline(memory=None, steps=[('empty_step', 'passthrough')], verbose=False)
2022-07-04 04:30:40,514:INFO:Creating grid variables
2022-07-04 04:30:40,561:INFO:create_model_container: 0
2022-07-04 04:30:40,562:INFO:master_model_container: 0
2022-07-04 04:30:40,562:INFO:display_container: 1
2022-07-04 04:30:40,583:INFO:Pipeline(memory=None,
         steps=[('dtypes',
                 DataTypes_Auto_infer(categorical_features=[],
                                      display_types=False, features_todrop=[],
                                      id_columns=[], ml_usecase='regression',
                                      numerical_features=[],
                                      target='UNSUPERVISED_DUMMY_TARGET',
                                      time_features=[])),
                ('imputer',
                 Simple_Imputer(categorical_strategy='most frequent',
                                fill_value_categorical=None,
                                fill_value_numerical=Non...
                ('dummy', Dummify(target='UNSUPERVISED_DUMMY_TARGET')),
                ('fix_perfect', 'passthrough'),
                ('clean_names', Clean_Colum_Names()),
                ('feature_select', 'passthrough'),
                ('fix_multi',
                 Fix_multicollinearity(correlation_with_target_preference=None,
                                       correlation_with_target_threshold=0.0,
                                       target_variable='UNSUPERVISED_DUMMY_TARGET',
                                       threshold=0.9)),
                ('dfs', 'passthrough'), ('pca', 'passthrough')],
         verbose=False)
2022-07-04 04:30:40,583:INFO:setup() succesfully completed......................................
